[main] INFO  com.tienda.DemoApplication  - Log4j appender configuration is successful !!
[restartedMain] INFO  com.tienda.DemoApplication  - Log4j appender configuration is successful !!
[main] INFO  com.tienda.DemoApplication  - Log4j appender configuration is successful !!
[restartedMain] INFO  com.tienda.DemoApplication  - Log4j appender configuration is successful !!
[main] INFO  com.tienda.DemoApplication  - Log4j appender configuration is successful !!
[restartedMain] INFO  com.tienda.DemoApplication  - Log4j appender configuration is successful !!
[main] INFO  com.tienda.DemoApplication  - Log4j appender configuration is successful !!
[restartedMain] INFO  com.tienda.DemoApplication  - Log4j appender configuration is successful !!
[main] INFO  com.tienda.DemoApplication  - Log4j appender configuration is successful !!
[restartedMain] INFO  com.tienda.DemoApplication  - Log4j appender configuration is successful !!
[main] INFO  com.tienda.DemoApplication  - Log4j appender configuration is successful !!
[restartedMain] INFO  com.tienda.DemoApplication  - Log4j appender configuration is successful !!
[restartedMain] INFO  com.tienda.DemoApplication  - Log4j appender configuration is successful !!
[main] INFO  com.tienda.DemoApplication  - Log4j appender configuration is successful !!
[restartedMain] INFO  com.tienda.DemoApplication  - Log4j appender configuration is successful !!
[restartedMain] INFO  com.tienda.DemoApplication  - Log4j appender configuration is successful !!
[restartedMain] INFO  com.tienda.DemoApplication  - Log4j appender configuration is successful !!
[restartedMain] INFO  com.tienda.DemoApplication  - Log4j appender configuration is successful !!
[restartedMain] INFO  com.tienda.DemoApplication  - Log4j appender configuration is successful !!
[restartedMain] INFO  com.tienda.DemoApplication  - Log4j appender configuration is successful !!
[restartedMain] INFO  com.tienda.DemoApplication  - Log4j appender configuration is successful !!
[restartedMain] INFO  com.tienda.DemoApplication  - Log4j appender configuration is successful !!
[restartedMain] INFO  com.tienda.DemoApplication  - Log4j appender configuration is successful !!
[restartedMain] INFO  com.tienda.DemoApplication  - Log4j appender configuration is successful !!
[restartedMain] INFO  com.tienda.DemoApplication  - Log4j appender configuration is successful !!
[restartedMain] INFO  com.tienda.DemoApplication  - Log4j appender configuration is successful !!
[restartedMain] INFO  com.tienda.DemoApplication  - Log4j appender configuration is successful !!
[restartedMain] INFO  com.tienda.DemoApplication  - Log4j appender configuration is successful !!
[restartedMain] INFO  com.tienda.DemoApplication  - Log4j appender configuration is successful !!
[restartedMain] INFO  com.tienda.DemoApplication  - Log4j appender configuration is successful !!
[restartedMain] INFO  com.tienda.DemoApplication  - Log4j appender configuration is successful !!
[restartedMain] INFO  com.tienda.DemoApplication  - Log4j appender configuration is successful !!
[restartedMain] INFO  com.tienda.DemoApplication  - Log4j appender configuration is successful !!
[restartedMain] INFO  com.tienda.DemoApplication  - Log4j appender configuration is successful !!
[restartedMain] INFO  com.tienda.DemoApplication  - Log4j appender configuration is successful !!
[restartedMain] INFO  com.tienda.DemoApplication  - Log4j appender configuration is successful !!
[restartedMain] INFO  com.tienda.DemoApplication  - Log4j appender configuration is successful !!
[restartedMain] INFO  com.tienda.DemoApplication  - Log4j appender configuration is successful !!
[restartedMain] INFO  com.tienda.DemoApplication  - Log4j appender configuration is successful !!
[restartedMain] INFO  com.tienda.DemoApplication  - Log4j appender configuration is successful !!
[restartedMain] INFO  com.tienda.DemoApplication  - Log4j appender configuration is successful !!
[restartedMain] INFO  com.tienda.DemoApplication  - Log4j appender configuration is successful !!
[restartedMain] INFO  com.tienda.DemoApplication  - Log4j appender configuration is successful !!
[restartedMain] INFO  com.tienda.DemoApplication  - Log4j appender configuration is successful !!
[restartedMain] INFO  com.tienda.DemoApplication  - Log4j appender configuration is successful !!
[restartedMain] INFO  com.tienda.DemoApplication  - Log4j appender configuration is successful !!
[restartedMain] INFO  com.tienda.DemoApplication  - Log4j appender configuration is successful !!
[restartedMain] INFO  com.tienda.DemoApplication  - Log4j appender configuration is successful !!
[main] INFO  com.tienda.DemoApplication  - Log4j appender configuration is successful !!
[main] INFO  com.tienda.DemoApplication  - Log4j appender configuration is successful !!
[restartedMain] INFO  com.tienda.DemoApplication  - Log4j appender configuration is successful !!
[main] INFO  com.tienda.DemoApplication  - Log4j appender configuration is successful !!
[restartedMain] INFO  com.tienda.DemoApplication  - Log4j appender configuration is successful !!
[main] INFO  com.tienda.DemoApplication  - Log4j appender configuration is successful !!
[restartedMain] INFO  com.tienda.DemoApplication  - Log4j appender configuration is successful !!
[main] INFO  com.tienda.DemoApplication  - Log4j appender configuration is successful !!
[restartedMain] INFO  com.tienda.DemoApplication  - Log4j appender configuration is successful !!
[main] INFO  com.tienda.DemoApplication  - Log4j appender configuration is successful !!
[restartedMain] INFO  com.tienda.DemoApplication  - Log4j appender configuration is successful !!
[main] INFO  com.tienda.DemoApplication  - Log4j appender configuration is successful !!
[restartedMain] INFO  com.tienda.DemoApplication  - Log4j appender configuration is successful !!
[main] INFO  com.tienda.DemoApplication  - Log4j appender configuration is successful !!
[restartedMain] INFO  com.tienda.DemoApplication  - Log4j appender configuration is successful !!
[main] INFO  com.tienda.DemoApplication  - Log4j appender configuration is successful !!
[restartedMain] INFO  com.tienda.DemoApplication  - Log4j appender configuration is successful !!
[main] INFO  com.tienda.DemoApplication  - Log4j appender configuration is successful !!
[restartedMain] INFO  com.tienda.DemoApplication  - Log4j appender configuration is successful !!
[main] INFO  com.tienda.DemoApplication  - Log4j appender configuration is successful !!
[restartedMain] INFO  com.tienda.DemoApplication  - Log4j appender configuration is successful !!
[restartedMain] INFO  com.tienda.DemoApplication  - Log4j appender configuration is successful !!
[restartedMain] INFO  com.tienda.DemoApplication  - Log4j appender configuration is successful !!
[main] INFO  com.tienda.DemoApplication  - Log4j appender configuration is successful !!
[restartedMain] INFO  com.tienda.DemoApplication  - Log4j appender configuration is successful !!
[main] INFO  com.tienda.DemoApplication  - Log4j appender configuration is successful !!
[restartedMain] INFO  com.tienda.DemoApplication  - Log4j appender configuration is successful !!
[restartedMain] INFO  com.tienda.DemoApplication  - Log4j appender configuration is successful !!
[main] INFO  com.tienda.DemoApplication  - Log4j appender configuration is successful !!
[restartedMain] INFO  com.tienda.DemoApplication  - Log4j appender configuration is successful !!
[main] INFO  com.tienda.DemoApplication  - Log4j appender configuration is successful !!
[restartedMain] INFO  com.tienda.DemoApplication  - Log4j appender configuration is successful !!
[main] INFO  com.tienda.DemoApplication  - Log4j appender configuration is successful !!
[restartedMain] INFO  com.tienda.DemoApplication  - Log4j appender configuration is successful !!
[main] INFO  com.tienda.DemoApplication  - Log4j appender configuration is successful !!
[restartedMain] INFO  com.tienda.DemoApplication  - Log4j appender configuration is successful !!
[restartedMain] INFO  com.tienda.DemoApplication  - Log4j appender configuration is successful !!
[main] INFO  com.tienda.DemoApplication  - Log4j appender configuration is successful !!
[restartedMain] INFO  com.tienda.DemoApplication  - Log4j appender configuration is successful !!
[restartedMain] INFO  com.tienda.DemoApplication  - Log4j appender configuration is successful !!
[restartedMain] INFO  com.tienda.DemoApplication  - Log4j appender configuration is successful !!
[restartedMain] INFO  com.tienda.DemoApplication  - Log4j appender configuration is successful !!
[restartedMain] INFO  com.tienda.DemoApplication  - Log4j appender configuration is successful !!
[restartedMain] INFO  com.tienda.DemoApplication  - Log4j appender configuration is successful !!
[restartedMain] INFO  com.tienda.DemoApplication  - Log4j appender configuration is successful !!
[restartedMain] INFO  com.tienda.DemoApplication  - Log4j appender configuration is successful !!
[main] INFO  com.tienda.DemoApplication  - Log4j appender configuration is successful !!
[restartedMain] INFO  com.tienda.DemoApplication  - Log4j appender configuration is successful !!
[main] INFO  com.tienda.DemoApplication  - Log4j appender configuration is successful !!
[main] INFO  com.tienda.DemoApplication  - Log4j appender configuration is successful !!
[restartedMain] INFO  com.tienda.DemoApplication  - Log4j appender configuration is successful !!
[main] INFO  com.tienda.DemoApplication  - Log4j appender configuration is successful !!
[restartedMain] INFO  com.tienda.DemoApplication  - Log4j appender configuration is successful !!
[restartedMain] INFO  com.tienda.DemoApplication  - Log4j appender configuration is successful !!
[main] INFO  com.tienda.DemoApplication  - Log4j appender configuration is successful !!
[restartedMain] INFO  com.tienda.DemoApplication  - Log4j appender configuration is successful !!
[restartedMain] INFO  com.tienda.DemoApplication  - Log4j appender configuration is successful !!
[restartedMain] INFO  com.tienda.DemoApplication  - Log4j appender configuration is successful !!
[main] INFO  com.tienda.DemoApplication  - Log4j appender configuration is successful !!
[restartedMain] INFO  com.tienda.DemoApplication  - Log4j appender configuration is successful !!
[main] INFO  com.tienda.DemoApplication  - Log4j appender configuration is successful !!
[restartedMain] INFO  com.tienda.DemoApplication  - Log4j appender configuration is successful !!
[restartedMain] INFO  com.tienda.DemoApplication  - Log4j appender configuration is successful !!
[restartedMain] INFO  com.tienda.DemoApplication  - Log4j appender configuration is successful !!
[restartedMain] INFO  com.tienda.DemoApplication  - Log4j appender configuration is successful !!
[restartedMain] INFO  com.tienda.DemoApplication  - Log4j appender configuration is successful !!
[restartedMain] INFO  com.tienda.DemoApplication  - Log4j appender configuration is successful !!
[restartedMain] INFO  com.tienda.DemoApplication  - Log4j appender configuration is successful !!
[restartedMain] INFO  com.tienda.DemoApplication  - Log4j appender configuration is successful !!
[restartedMain] INFO  com.tienda.DemoApplication  - Log4j appender configuration is successful !!
[restartedMain] INFO  com.tienda.DemoApplication  - Log4j appender configuration is successful !!
[restartedMain] INFO  com.tienda.DemoApplication  - Log4j appender configuration is successful !!
[restartedMain] INFO  com.tienda.DemoApplication  - Log4j appender configuration is successful !!
[restartedMain] INFO  com.tienda.DemoApplication  - Log4j appender configuration is successful !!
[restartedMain] INFO  com.tienda.DemoApplication  - Log4j appender configuration is successful !!
[restartedMain] INFO  com.tienda.DemoApplication  - Log4j appender configuration is successful !!
[main] INFO  com.tienda.DemoApplication  - Log4j appender configuration is successful !!
[main] INFO  com.tienda.DemoApplication  - Log4j appender configuration is successful !!
[restartedMain] INFO  com.tienda.DemoApplication  - Log4j appender configuration is successful !!
[main] INFO  com.tienda.DemoApplication  - Log4j appender configuration is successful !!
[restartedMain] INFO  com.tienda.DemoApplication  - Log4j appender configuration is successful !!
[main] INFO  com.tienda.DemoApplication  - Log4j appender configuration is successful !!
[restartedMain] INFO  com.tienda.DemoApplication  - Log4j appender configuration is successful !!
[restartedMain] INFO  com.tienda.DemoApplication  - Log4j appender configuration is successful !!
[main] INFO  com.tienda.DemoApplication  - Log4j appender configuration is successful !!
[restartedMain] INFO  com.tienda.DemoApplication  - Log4j appender configuration is successful !!
[restartedMain] INFO  com.tienda.DemoApplication  - Log4j appender configuration is successful !!
[restartedMain] INFO  com.tienda.DemoApplication  - Log4j appender configuration is successful !!
[main] INFO  com.tienda.DemoApplication  - Log4j appender configuration is successful !!
[restartedMain] INFO  com.tienda.DemoApplication  - Log4j appender configuration is successful !!
[restartedMain] INFO  com.tienda.DemoApplication  - Log4j appender configuration is successful !!
[restartedMain] INFO  com.tienda.DemoApplication  - Log4j appender configuration is successful !!
[restartedMain] INFO  com.tienda.DemoApplication  - Log4j appender configuration is successful !!
[restartedMain] INFO  com.tienda.DemoApplication  - Log4j appender configuration is successful !!
[restartedMain] INFO  com.tienda.DemoApplication  - Log4j appender configuration is successful !!
[restartedMain] INFO  com.tienda.DemoApplication  - Log4j appender configuration is successful !!
[restartedMain] INFO  com.tienda.DemoApplication  - Log4j appender configuration is successful !!
[restartedMain] INFO  com.tienda.DemoApplication  - Log4j appender configuration is successful !!
[restartedMain] INFO  com.tienda.DemoApplication  - Log4j appender configuration is successful !!
[restartedMain] INFO  com.tienda.DemoApplication  - Log4j appender configuration is successful !!
[main] INFO  com.tienda.DemoApplication  - Log4j appender configuration is successful !!
[restartedMain] INFO  com.tienda.DemoApplication  - Log4j appender configuration is successful !!
[restartedMain] INFO  com.tienda.DemoApplication  - Log4j appender configuration is successful !!
[main] INFO  com.tienda.DemoApplication  - Log4j appender configuration is successful !!
[restartedMain] INFO  com.tienda.DemoApplication  - Log4j appender configuration is successful !!
[restartedMain] INFO  com.tienda.DemoApplication  - Log4j appender configuration is successful !!
[restartedMain] INFO  com.tienda.DemoApplication  - Log4j appender configuration is successful !!
[restartedMain] INFO  com.tienda.DemoApplication  - Log4j appender configuration is successful !!
[restartedMain] INFO  com.tienda.DemoApplication  - Log4j appender configuration is successful !!
[restartedMain] INFO  com.tienda.DemoApplication  - Log4j appender configuration is successful !!
[main] INFO  com.tienda.DemoApplication  - Log4j appender configuration is successful !!
[restartedMain] INFO  com.tienda.DemoApplication  - Log4j appender configuration is successful !!
[restartedMain] INFO  com.tienda.DemoApplication  - Log4j appender configuration is successful !!
[restartedMain] INFO  com.tienda.DemoApplication  - Log4j appender configuration is successful !!
[main] INFO  com.tienda.DemoApplication  - Log4j appender configuration is successful !!
[restartedMain] INFO  com.tienda.DemoApplication  - Log4j appender configuration is successful !!
[main] INFO  com.tienda.DemoApplication  - Log4j appender configuration is successful !!
[restartedMain] INFO  com.tienda.DemoApplication  - Log4j appender configuration is successful !!
[restartedMain] INFO  com.tienda.DemoApplication  - Log4j appender configuration is successful !!
[restartedMain] INFO  com.tienda.DemoApplication  - Log4j appender configuration is successful !!
[restartedMain] INFO  com.tienda.DemoApplication  - Log4j appender configuration is successful !!
[restartedMain] INFO  com.tienda.DemoApplication  - Log4j appender configuration is successful !!
[restartedMain] INFO  com.tienda.DemoApplication  - Log4j appender configuration is successful !!
[restartedMain] INFO  com.tienda.DemoApplication  - Log4j appender configuration is successful !!
[restartedMain] INFO  com.tienda.DemoApplication  - Log4j appender configuration is successful !!
[restartedMain] INFO  com.tienda.DemoApplication  - Log4j appender configuration is successful !!
[restartedMain] INFO  com.tienda.DemoApplication  - Log4j appender configuration is successful !!
[restartedMain] INFO  com.tienda.DemoApplication  - Log4j appender configuration is successful !!
[restartedMain] INFO  com.tienda.DemoApplication  - Log4j appender configuration is successful !!
[restartedMain] INFO  com.tienda.DemoApplication  - Log4j appender configuration is successful !!
[restartedMain] INFO  com.tienda.DemoApplication  - Log4j appender configuration is successful !!
[restartedMain] INFO  com.tienda.DemoApplication  - Log4j appender configuration is successful !!
[restartedMain] INFO  com.tienda.DemoApplication  - Log4j appender configuration is successful !!
[restartedMain] INFO  com.tienda.DemoApplication  - Log4j appender configuration is successful !!
[restartedMain] INFO  com.tienda.DemoApplication  - Log4j appender configuration is successful !!
[restartedMain] INFO  com.tienda.DemoApplication  - Log4j appender configuration is successful !!
[restartedMain] INFO  com.tienda.DemoApplication  - Log4j appender configuration is successful !!
[restartedMain] INFO  com.tienda.DemoApplication  - Log4j appender configuration is successful !!
[restartedMain] INFO  com.tienda.DemoApplication  - Log4j appender configuration is successful !!
[restartedMain] INFO  com.tienda.DemoApplication  - Log4j appender configuration is successful !!
[restartedMain] INFO  com.tienda.DemoApplication  - Log4j appender configuration is successful !!
[restartedMain] INFO  com.tienda.DemoApplication  - Log4j appender configuration is successful !!
[main] INFO  com.tienda.DemoApplication  - Log4j appender configuration is successful !!
[restartedMain] INFO  com.tienda.DemoApplication  - Log4j appender configuration is successful !!
[main] INFO  com.tienda.DemoApplication  - Log4j appender configuration is successful !!
[restartedMain] INFO  com.tienda.DemoApplication  - Log4j appender configuration is successful !!
[main] INFO  com.tienda.DemoApplication  - Log4j appender configuration is successful !!
[restartedMain] INFO  com.tienda.DemoApplication  - Log4j appender configuration is successful !!
[http-nio-8080-exec-1] INFO  com.tienda.DemoApplication  - Loggeo correcto 1
[restartedMain] INFO  com.tienda.DemoApplication  - Log4j appender configuration is successful !!
[http-nio-8080-exec-5] INFO  com.tienda.DemoApplication  - Loggeo correcto 1
[restartedMain] INFO  com.tienda.DemoApplication  - Log4j appender configuration is successful !!
[restartedMain] INFO  com.tienda.DemoApplication  - Log4j appender configuration is successful !!
[restartedMain] INFO  com.tienda.DemoApplication  - Log4j appender configuration is successful !!
[restartedMain] INFO  com.tienda.DemoApplication  - Log4j appender configuration is successful !!
[http-nio-8080-exec-5] INFO  com.tienda.DemoApplication  - Loggeo correcto 1
[restartedMain] INFO  com.tienda.DemoApplication  - Log4j appender configuration is successful !!
[restartedMain] INFO  com.tienda.DemoApplication  - Log4j appender configuration is successful !!
[restartedMain] INFO  com.tienda.DemoApplication  - Log4j appender configuration is successful !!
[http-nio-8080-exec-7] INFO  com.tienda.DemoApplication  - Loggeo correcto 1
[restartedMain] INFO  com.tienda.DemoApplication  - Log4j appender configuration is successful !!
[http-nio-8080-exec-8] INFO  com.tienda.DemoApplication  - Loggeo correcto 1
[http-nio-8080-exec-2] INFO  com.tienda.DemoApplication  - Desloggeo correcto 
[restartedMain] INFO  com.tienda.DemoApplication  - Log4j appender configuration is successful !!
[main] INFO  com.tienda.DemoApplication  - Log4j appender configuration is successful !!
[restartedMain] INFO  com.tienda.DemoApplication  - Log4j appender configuration is successful !!
[main] INFO  com.tienda.DemoApplication  - Log4j appender configuration is successful !!
[restartedMain] INFO  com.tienda.DemoApplication  - Log4j appender configuration is successful !!
[main] INFO  com.tienda.DemoApplication  - Log4j appender configuration is successful !!
[restartedMain] INFO  com.tienda.DemoApplication  - Log4j appender configuration is successful !!
[restartedMain] INFO  com.tienda.DemoApplication  - Log4j appender configuration is successful !!
[main] INFO  com.tienda.DemoApplication  - Log4j appender configuration is successful !!
[restartedMain] INFO  com.tienda.DemoApplication  - Log4j appender configuration is successful !!
[http-nio-8080-exec-2] INFO  com.tienda.DemoApplication  - Loggeo correcto 1
[restartedMain] INFO  com.tienda.DemoApplication  - Log4j appender configuration is successful !!
[http-nio-8080-exec-3] INFO  com.tienda.DemoApplication  - Loggeo correcto 1
[restartedMain] INFO  com.tienda.DemoApplication  - Log4j appender configuration is successful !!
[http-nio-8080-exec-7] INFO  com.tienda.DemoApplication  - Loggeo correcto 1
[restartedMain] INFO  com.tienda.DemoApplication  - Log4j appender configuration is successful !!
[http-nio-8080-exec-7] INFO  com.tienda.DemoApplication  - Loggeo correcto 1
[restartedMain] INFO  com.tienda.DemoApplication  - Log4j appender configuration is successful !!
[http-nio-8080-exec-1] INFO  com.tienda.DemoApplication  - Loggeo correcto 1
[http-nio-8080-exec-10] INFO  com.tienda.DemoApplication  - Desloggeo correcto 
[restartedMain] INFO  com.tienda.DemoApplication  - Log4j appender configuration is successful !!
[restartedMain] INFO  com.tienda.DemoApplication  - Log4j appender configuration is successful !!
[restartedMain] INFO  com.tienda.DemoApplication  - Log4j appender configuration is successful !!
[restartedMain] INFO  com.tienda.DemoApplication  - Log4j appender configuration is successful !!
[restartedMain] INFO  com.tienda.DemoApplication  - Log4j appender configuration is successful !!
[http-nio-8080-exec-3] INFO  com.tienda.DemoApplication  - Loggeo correcto 1
[restartedMain] INFO  com.tienda.DemoApplication  - Log4j appender configuration is successful !!
[main] INFO  com.tienda.DemoApplication  - Log4j appender configuration is successful !!
[restartedMain] INFO  com.tienda.DemoApplication  - Log4j appender configuration is successful !!
[http-nio-8080-exec-10] INFO  com.tienda.DemoApplication  - Loggeo correcto 1
[restartedMain] INFO  com.tienda.DemoApplication  - Log4j appender configuration is successful !!
[http-nio-8080-exec-9] INFO  com.tienda.DemoApplication  - Loggeo correcto 1
[main] INFO  com.tienda.DemoApplication  - Log4j appender configuration is successful !!
[restartedMain] INFO  com.tienda.DemoApplication  - Log4j appender configuration is successful !!
[http-nio-8080-exec-4] INFO  com.tienda.DemoApplication  - Loggeo correcto 1
[restartedMain] INFO  com.tienda.DemoApplication  - Log4j appender configuration is successful !!
[restartedMain] INFO  com.tienda.DemoApplication  - Log4j appender configuration is successful !!
[restartedMain] INFO  com.tienda.DemoApplication  - Log4j appender configuration is successful !!
[restartedMain] INFO  com.tienda.DemoApplication  - Log4j appender configuration is successful !!
[restartedMain] INFO  com.tienda.DemoApplication  - Log4j appender configuration is successful !!
[main] INFO  com.tienda.DemoApplication  - Log4j appender configuration is successful !!
[restartedMain] INFO  com.tienda.DemoApplication  - Log4j appender configuration is successful !!
[http-nio-8080-exec-10] INFO  com.tienda.DemoApplication  - Loggeo correcto 1
[http-nio-8080-exec-2] INFO  com.tienda.DemoApplication  - Desloggeo correcto 
[http-nio-8080-exec-5] INFO  com.tienda.DemoApplication  - Loggeo correcto 3
[http-nio-8080-exec-8] INFO  com.tienda.DemoApplication  - Loggeo correcto 3
[restartedMain] INFO  com.tienda.DemoApplication  - Log4j appender configuration is successful !!
[http-nio-8080-exec-9] INFO  com.tienda.DemoApplication  - Loggeo correcto 3
[restartedMain] INFO  com.tienda.DemoApplication  - Log4j appender configuration is successful !!
[http-nio-8080-exec-1] INFO  com.tienda.DemoApplication  - Loggeo correcto 3
[restartedMain] INFO  com.tienda.DemoApplication  - Log4j appender configuration is successful !!
[restartedMain] INFO  com.tienda.DemoApplication  - Log4j appender configuration is successful !!
[http-nio-8080-exec-1] INFO  com.tienda.DemoApplication  - Loggeo correcto 3
[main] INFO  com.tienda.DemoApplication  - Log4j appender configuration is successful !!
[restartedMain] INFO  com.tienda.DemoApplication  - Log4j appender configuration is successful !!
[http-nio-8080-exec-4] INFO  com.tienda.DemoApplication  - Loggeo correcto 3
[http-nio-8080-exec-3] INFO  com.tienda.DemoApplication  - Loggeo correcto 3
[restartedMain] INFO  com.tienda.DemoApplication  - Log4j appender configuration is successful !!
[http-nio-8080-exec-6] INFO  com.tienda.DemoApplication  - Loggeo correcto 3
[restartedMain] INFO  com.tienda.DemoApplication  - Log4j appender configuration is successful !!
[restartedMain] INFO  com.tienda.DemoApplication  - Log4j appender configuration is successful !!
[http-nio-8080-exec-6] INFO  com.tienda.DemoApplication  - Loggeo correcto 2
[restartedMain] INFO  com.tienda.DemoApplication  - Log4j appender configuration is successful !!
[http-nio-8080-exec-2] INFO  com.tienda.DemoApplication  - Loggeo correcto 3
[restartedMain] INFO  com.tienda.DemoApplication  - Log4j appender configuration is successful !!
[restartedMain] INFO  com.tienda.DemoApplication  - Log4j appender configuration is successful !!
[restartedMain] INFO  com.tienda.DemoApplication  - Log4j appender configuration is successful !!
[restartedMain] INFO  com.tienda.DemoApplication  - Log4j appender configuration is successful !!
[restartedMain] INFO  com.tienda.DemoApplication  - Log4j appender configuration is successful !!
[restartedMain] INFO  com.tienda.DemoApplication  - Log4j appender configuration is successful !!
[restartedMain] INFO  com.tienda.DemoApplication  - Log4j appender configuration is successful !!
[http-nio-8080-exec-5] INFO  com.tienda.DemoApplication  - Loggeo correcto 3
[restartedMain] INFO  com.tienda.DemoApplication  - Log4j appender configuration is successful !!
[restartedMain] INFO  com.tienda.DemoApplication  - Log4j appender configuration is successful !!
[restartedMain] INFO  com.tienda.DemoApplication  - Log4j appender configuration is successful !!
[restartedMain] INFO  com.tienda.DemoApplication  - Log4j appender configuration is successful !!
[restartedMain] INFO  com.tienda.DemoApplication  - Log4j appender configuration is successful !!
[http-nio-8080-exec-2] INFO  com.tienda.DemoApplication  - Loggeo correcto 3
[http-nio-8080-exec-9] INFO  com.tienda.DemoApplication  - Loggeo correcto 3
[restartedMain] INFO  com.tienda.DemoApplication  - Log4j appender configuration is successful !!
[restartedMain] INFO  com.tienda.DemoApplication  - Log4j appender configuration is successful !!
[http-nio-8080-exec-2] INFO  com.tienda.DemoApplication  - Loggeo correcto 3
[restartedMain] INFO  com.tienda.DemoApplication  - Log4j appender configuration is successful !!
[http-nio-8080-exec-6] INFO  com.tienda.DemoApplication  - Loggeo correcto 3
[main] INFO  com.tienda.DemoApplication  - Log4j appender configuration is successful !!
[main] INFO  com.tienda.DemoApplication  - Log4j appender configuration is successful !!
[restartedMain] INFO  com.tienda.DemoApplication  - Log4j appender configuration is successful !!
[main] INFO  com.tienda.DemoApplication  - Log4j appender configuration is successful !!
[restartedMain] INFO  com.tienda.DemoApplication  - Log4j appender configuration is successful !!
[http-nio-8080-exec-5] INFO  com.tienda.DemoApplication  - Loggeo correcto 3
[main] INFO  com.tienda.DemoApplication  - Log4j appender configuration is successful !!
[restartedMain] INFO  com.tienda.DemoApplication  - Log4j appender configuration is successful !!
[http-nio-8080-exec-1] INFO  com.tienda.DemoApplication  - Loggeo correcto 1
[http-nio-8080-exec-9] INFO  com.tienda.DemoApplication  - Desloggeo correcto 
[http-nio-8080-exec-7] INFO  com.tienda.DemoApplication  - Loggeo correcto 3
[restartedMain] INFO  com.tienda.DemoApplication  - Log4j appender configuration is successful !!
[restartedMain] INFO  com.tienda.DemoApplication  - Log4j appender configuration is successful !!
[restartedMain] INFO  com.tienda.DemoApplication  - Log4j appender configuration is successful !!
[restartedMain] INFO  com.tienda.DemoApplication  - Log4j appender configuration is successful !!
[restartedMain] INFO  com.tienda.DemoApplication  - Log4j appender configuration is successful !!
[restartedMain] INFO  com.tienda.DemoApplication  - Log4j appender configuration is successful !!
[restartedMain] INFO  com.tienda.DemoApplication  - Log4j appender configuration is successful !!
[restartedMain] INFO  com.tienda.DemoApplication  - Log4j appender configuration is successful !!
[restartedMain] INFO  com.tienda.DemoApplication  - Log4j appender configuration is successful !!
[restartedMain] INFO  com.tienda.DemoApplication  - Log4j appender configuration is successful !!
[http-nio-8080-exec-1] INFO  com.tienda.DemoApplication  - Loggeo correcto 3
[restartedMain] INFO  com.tienda.DemoApplication  - Log4j appender configuration is successful !!
[http-nio-8080-exec-5] INFO  com.tienda.DemoApplication  - Loggeo correcto 3
[restartedMain] INFO  com.tienda.DemoApplication  - Log4j appender configuration is successful !!
[main] INFO  com.tienda.DemoApplication  - Log4j appender configuration is successful !!
[restartedMain] INFO  com.tienda.DemoApplication  - Log4j appender configuration is successful !!
[http-nio-8080-exec-7] INFO  com.tienda.DemoApplication  - Loggeo correcto 3
[restartedMain] INFO  com.tienda.DemoApplication  - Log4j appender configuration is successful !!
[http-nio-8080-exec-8] INFO  com.tienda.DemoApplication  - Loggeo correcto 3
[restartedMain] INFO  com.tienda.DemoApplication  - Log4j appender configuration is successful !!
[http-nio-8080-exec-5] INFO  com.tienda.DemoApplication  - Loggeo correcto 3
[restartedMain] INFO  com.tienda.DemoApplication  - Log4j appender configuration is successful !!
[http-nio-8080-exec-6] INFO  com.tienda.DemoApplication  - Loggeo correcto 3
[restartedMain] INFO  com.tienda.DemoApplication  - Log4j appender configuration is successful !!
[restartedMain] INFO  com.tienda.DemoApplication  - Log4j appender configuration is successful !!
[http-nio-8080-exec-2] INFO  com.tienda.DemoApplication  - Loggeo correcto 3
[restartedMain] INFO  com.tienda.DemoApplication  - Log4j appender configuration is successful !!
[http-nio-8080-exec-2] INFO  com.tienda.DemoApplication  - Loggeo correcto 3
[restartedMain] INFO  com.tienda.DemoApplication  - Log4j appender configuration is successful !!
[http-nio-8080-exec-9] INFO  com.tienda.DemoApplication  - Loggeo correcto 3
[main] INFO  com.tienda.DemoApplication  - Log4j appender configuration is successful !!
[restartedMain] INFO  com.tienda.DemoApplication  - Log4j appender configuration is successful !!
[main] INFO  com.tienda.DemoApplication  - Log4j appender configuration is successful !!
[restartedMain] INFO  com.tienda.DemoApplication  - Log4j appender configuration is successful !!
[restartedMain] INFO  com.tienda.DemoApplication  - Log4j appender configuration is successful !!
[restartedMain] INFO  com.tienda.DemoApplication  - Log4j appender configuration is successful !!
[restartedMain] INFO  com.tienda.DemoApplication  - Log4j appender configuration is successful !!
[restartedMain] INFO  com.tienda.DemoApplication  - Log4j appender configuration is successful !!
[restartedMain] INFO  com.tienda.DemoApplication  - Log4j appender configuration is successful !!
[restartedMain] INFO  com.tienda.DemoApplication  - Log4j appender configuration is successful !!
[restartedMain] INFO  com.tienda.DemoApplication  - Log4j appender configuration is successful !!
[restartedMain] INFO  com.tienda.DemoApplication  - Log4j appender configuration is successful !!
[restartedMain] INFO  com.tienda.DemoApplication  - Log4j appender configuration is successful !!
[restartedMain] INFO  com.tienda.DemoApplication  - Log4j appender configuration is successful !!
[restartedMain] INFO  com.tienda.DemoApplication  - Log4j appender configuration is successful !!
[restartedMain] INFO  com.tienda.DemoApplication  - Log4j appender configuration is successful !!
[restartedMain] INFO  com.tienda.DemoApplication  - Log4j appender configuration is successful !!
[restartedMain] INFO  com.tienda.DemoApplication  - Log4j appender configuration is successful !!
[restartedMain] INFO  com.tienda.DemoApplication  - Log4j appender configuration is successful !!
[restartedMain] INFO  com.tienda.DemoApplication  - Log4j appender configuration is successful !!
[restartedMain] INFO  com.tienda.DemoApplication  - Log4j appender configuration is successful !!
[restartedMain] INFO  com.tienda.DemoApplication  - Log4j appender configuration is successful !!
[restartedMain] INFO  com.tienda.DemoApplication  - Log4j appender configuration is successful !!
[restartedMain] INFO  com.tienda.DemoApplication  - Log4j appender configuration is successful !!
[restartedMain] INFO  com.tienda.DemoApplication  - Log4j appender configuration is successful !!
[restartedMain] INFO  com.tienda.DemoApplication  - Log4j appender configuration is successful !!
[restartedMain] INFO  com.tienda.DemoApplication  - Log4j appender configuration is successful !!
[restartedMain] INFO  com.tienda.DemoApplication  - Log4j appender configuration is successful !!
[restartedMain] INFO  com.tienda.DemoApplication  - Log4j appender configuration is successful !!
[restartedMain] INFO  com.tienda.DemoApplication  - Log4j appender configuration is successful !!
[restartedMain] INFO  com.tienda.DemoApplication  - Log4j appender configuration is successful !!
[restartedMain] INFO  com.tienda.DemoApplication  - Log4j appender configuration is successful !!
[restartedMain] INFO  com.tienda.DemoApplication  - Log4j appender configuration is successful !!
[main] INFO  com.tienda.DemoApplication  - Log4j appender configuration is successful !!
[restartedMain] INFO  com.tienda.DemoApplication  - Log4j appender configuration is successful !!
[restartedMain] INFO  com.tienda.DemoApplication  - Log4j appender configuration is successful !!
[restartedMain] INFO  com.tienda.DemoApplication  - Log4j appender configuration is successful !!
[restartedMain] INFO  com.tienda.DemoApplication  - Log4j appender configuration is successful !!
[restartedMain] INFO  com.tienda.DemoApplication  - Log4j appender configuration is successful !!
[restartedMain] INFO  com.tienda.DemoApplication  - Log4j appender configuration is successful !!
[restartedMain] INFO  com.tienda.DemoApplication  - Log4j appender configuration is successful !!
[restartedMain] INFO  com.tienda.DemoApplication  - Log4j appender configuration is successful !!
[restartedMain] INFO  com.tienda.DemoApplication  - Log4j appender configuration is successful !!
[main] INFO  com.tienda.DemoApplication  - Log4j appender configuration is successful !!
[restartedMain] INFO  com.tienda.DemoApplication  - Log4j appender configuration is successful !!
[http-nio-8080-exec-4] INFO  com.tienda.DemoApplication  - Loggeo correcto 3
[main] INFO  com.tienda.DemoApplication  - Log4j appender configuration is successful !!
[restartedMain] INFO  com.tienda.DemoApplication  - Log4j appender configuration is successful !!
[restartedMain] INFO  com.tienda.DemoApplication  - Log4j appender configuration is successful !!
[restartedMain] INFO  com.tienda.DemoApplication  - Log4j appender configuration is successful !!
[restartedMain] INFO  com.tienda.DemoApplication  - Log4j appender configuration is successful !!
[restartedMain] INFO  com.tienda.DemoApplication  - Log4j appender configuration is successful !!
[restartedMain] INFO  com.tienda.DemoApplication  - Log4j appender configuration is successful !!
[restartedMain] INFO  com.tienda.DemoApplication  - Log4j appender configuration is successful !!
[restartedMain] INFO  com.tienda.DemoApplication  - Log4j appender configuration is successful !!
[restartedMain] INFO  com.tienda.DemoApplication  - Log4j appender configuration is successful !!
[http-nio-8080-exec-5] INFO  com.tienda.DemoApplication  - Loggeo correcto 3
[restartedMain] INFO  com.tienda.DemoApplication  - Log4j appender configuration is successful !!
[restartedMain] INFO  com.tienda.DemoApplication  - Log4j appender configuration is successful !!
[restartedMain] INFO  com.tienda.DemoApplication  - Log4j appender configuration is successful !!
[restartedMain] INFO  com.tienda.DemoApplication  - Log4j appender configuration is successful !!
[restartedMain] INFO  com.tienda.DemoApplication  - Log4j appender configuration is successful !!
[restartedMain] INFO  com.tienda.DemoApplication  - Log4j appender configuration is successful !!
[restartedMain] INFO  com.tienda.DemoApplication  - Log4j appender configuration is successful !!
[restartedMain] INFO  com.tienda.DemoApplication  - Log4j appender configuration is successful !!
[restartedMain] INFO  com.tienda.DemoApplication  - Log4j appender configuration is successful !!
[http-nio-8080-exec-1] INFO  com.tienda.DemoApplication  - Loggeo correcto 3
[restartedMain] INFO  com.tienda.DemoApplication  - Log4j appender configuration is successful !!
[http-nio-8080-exec-4] INFO  com.tienda.DemoApplication  - Loggeo correcto 3
[http-nio-8080-exec-1] INFO  com.tienda.DemoApplication  - Desloggeo correcto 
[http-nio-8080-exec-4] INFO  com.tienda.DemoApplication  - Loggeo correcto 1
[restartedMain] INFO  com.tienda.DemoApplication  - Log4j appender configuration is successful !!
[restartedMain] INFO  com.tienda.DemoApplication  - Log4j appender configuration is successful !!
[restartedMain] INFO  com.tienda.DemoApplication  - Log4j appender configuration is successful !!
[restartedMain] INFO  com.tienda.DemoApplication  - Log4j appender configuration is successful !!
[restartedMain] INFO  com.tienda.DemoApplication  - Log4j appender configuration is successful !!
[http-nio-8080-exec-1] INFO  com.tienda.DemoApplication  - Loggeo correcto 1
[restartedMain] INFO  com.tienda.DemoApplication  - Log4j appender configuration is successful !!
[restartedMain] INFO  com.tienda.DemoApplication  - Log4j appender configuration is successful !!
[restartedMain] INFO  com.tienda.DemoApplication  - Log4j appender configuration is successful !!
[restartedMain] INFO  com.tienda.DemoApplication  - Log4j appender configuration is successful !!
[restartedMain] INFO  com.tienda.DemoApplication  - Log4j appender configuration is successful !!
[http-nio-8080-exec-4] INFO  com.tienda.DemoApplication  - Loggeo correcto 1
[http-nio-8080-exec-10] INFO  com.tienda.DemoApplication  - Desloggeo correcto 
[http-nio-8080-exec-2] INFO  com.tienda.DemoApplication  - Loggeo correcto 3
[restartedMain] INFO  com.tienda.DemoApplication  - Log4j appender configuration is successful !!
[restartedMain] INFO  com.tienda.DemoApplication  - Log4j appender configuration is successful !!
[restartedMain] INFO  com.tienda.DemoApplication  - Log4j appender configuration is successful !!
[restartedMain] INFO  com.tienda.DemoApplication  - Log4j appender configuration is successful !!
[http-nio-8080-exec-3] INFO  com.tienda.DemoApplication  - Loggeo correcto 3
[restartedMain] INFO  com.tienda.DemoApplication  - Log4j appender configuration is successful !!
[restartedMain] INFO  com.tienda.DemoApplication  - Log4j appender configuration is successful !!
[restartedMain] INFO  com.tienda.DemoApplication  - Log4j appender configuration is successful !!
[http-nio-8080-exec-8] INFO  com.tienda.DemoApplication  - Loggeo correcto 3
[restartedMain] INFO  com.tienda.DemoApplication  - Log4j appender configuration is successful !!
[http-nio-8080-exec-7] INFO  com.tienda.DemoApplication  - Loggeo correcto 3
[restartedMain] INFO  com.tienda.DemoApplication  - Log4j appender configuration is successful !!
[http-nio-8080-exec-2] INFO  com.tienda.DemoApplication  - Loggeo correcto 3
[restartedMain] INFO  com.tienda.DemoApplication  - Log4j appender configuration is successful !!
[http-nio-8080-exec-4] INFO  com.tienda.DemoApplication  - Loggeo correcto 3
[restartedMain] INFO  com.tienda.DemoApplication  - Log4j appender configuration is successful !!
[http-nio-8080-exec-7] INFO  com.tienda.DemoApplication  - Loggeo correcto 3
[main] INFO  com.tienda.DemoApplication  - Log4j appender configuration is successful !!
[restartedMain] INFO  com.tienda.DemoApplication  - Log4j appender configuration is successful !!
[http-nio-8080-exec-8] INFO  com.tienda.DemoApplication  - Loggeo correcto 3
[main] INFO  com.tienda.DemoApplication  - Log4j appender configuration is successful !!
[restartedMain] INFO  com.tienda.DemoApplication  - Log4j appender configuration is successful !!
[main] INFO  com.tienda.DemoApplication  - Log4j appender configuration is successful !!
[restartedMain] INFO  com.tienda.DemoApplication  - Log4j appender configuration is successful !!
[http-nio-8080-exec-3] INFO  com.tienda.DemoApplication  - Loggeo correcto 3
[main] INFO  com.tienda.DemoApplication  - Log4j appender configuration is successful !!
[restartedMain] INFO  com.tienda.DemoApplication  - Log4j appender configuration is successful !!
[http-nio-8080-exec-4] INFO  com.tienda.DemoApplication  - Loggeo correcto 3
[restartedMain] INFO  com.tienda.DemoApplication  - Log4j appender configuration is successful !!
[restartedMain] INFO  com.tienda.DemoApplication  - Log4j appender configuration is successful !!
[http-nio-8080-exec-10] INFO  com.tienda.DemoApplication  - Loggeo correcto 3
[restartedMain] INFO  com.tienda.DemoApplication  - Log4j appender configuration is successful !!
[http-nio-8080-exec-4] INFO  com.tienda.DemoApplication  - Loggeo correcto 3
[http-nio-8080-exec-3] INFO  com.tienda.DemoApplication  - Loggeo correcto 3
[main] INFO  com.tienda.DemoApplication  - Log4j appender configuration is successful !!
[restartedMain] INFO  com.tienda.DemoApplication  - Log4j appender configuration is successful !!
[main] INFO  com.tienda.DemoApplication  - Log4j appender configuration is successful !!
[restartedMain] INFO  com.tienda.DemoApplication  - Log4j appender configuration is successful !!
[http-nio-8080-exec-3] INFO  com.tienda.DemoApplication  - Loggeo correcto 3
[restartedMain] INFO  com.tienda.DemoApplication  - Log4j appender configuration is successful !!
[http-nio-8080-exec-10] INFO  com.tienda.DemoApplication  - Loggeo correcto 3
[restartedMain] INFO  com.tienda.DemoApplication  - Log4j appender configuration is successful !!
[main] INFO  com.tienda.DemoApplication  - Log4j appender configuration is successful !!
[restartedMain] INFO  com.tienda.DemoApplication  - Log4j appender configuration is successful !!
[http-nio-8080-exec-3] INFO  com.tienda.DemoApplication  - Loggeo correcto 3
[restartedMain] INFO  com.tienda.DemoApplication  - Log4j appender configuration is successful !!
[restartedMain] INFO  com.tienda.DemoApplication  - Log4j appender configuration is successful !!
[restartedMain] INFO  com.tienda.DemoApplication  - Log4j appender configuration is successful !!
[restartedMain] INFO  com.tienda.DemoApplication  - Log4j appender configuration is successful !!
[http-nio-8080-exec-1] INFO  com.tienda.DemoApplication  - Desloggeo correcto 
[restartedMain] INFO  com.tienda.DemoApplication  - Log4j appender configuration is successful !!
[restartedMain] INFO  com.tienda.DemoApplication  - Log4j appender configuration is successful !!
[restartedMain] INFO  com.tienda.DemoApplication  - Log4j appender configuration is successful !!
[restartedMain] INFO  com.tienda.DemoApplication  - Log4j appender configuration is successful !!
[restartedMain] INFO  com.tienda.DemoApplication  - Log4j appender configuration is successful !!
[restartedMain] INFO  com.tienda.DemoApplication  - Log4j appender configuration is successful !!
[http-nio-8080-exec-4] INFO  com.tienda.DemoApplication  - Loggeo correcto 3
[main] INFO  com.tienda.DemoApplication  - Log4j appender configuration is successful !!
[restartedMain] INFO  com.tienda.DemoApplication  - Log4j appender configuration is successful !!
[http-nio-8080-exec-9] INFO  com.tienda.DemoApplication  - Loggeo correcto 3
[restartedMain] INFO  com.tienda.DemoApplication  - Log4j appender configuration is successful !!
[restartedMain] INFO  com.tienda.DemoApplication  - Log4j appender configuration is successful !!
[http-nio-8080-exec-4] INFO  com.tienda.DemoApplication  - Loggeo correcto 3
[restartedMain] INFO  com.tienda.DemoApplication  - Log4j appender configuration is successful !!
[http-nio-8080-exec-7] INFO  com.tienda.DemoApplication  - Loggeo correcto 3
[restartedMain] INFO  com.tienda.DemoApplication  - Log4j appender configuration is successful !!
[restartedMain] INFO  com.tienda.DemoApplication  - Log4j appender configuration is successful !!
[restartedMain] INFO  com.tienda.DemoApplication  - Log4j appender configuration is successful !!
[restartedMain] INFO  com.tienda.DemoApplication  - Log4j appender configuration is successful !!
[restartedMain] INFO  com.tienda.DemoApplication  - Log4j appender configuration is successful !!
[restartedMain] INFO  com.tienda.DemoApplication  - Log4j appender configuration is successful !!
[http-nio-8080-exec-5] INFO  com.tienda.DemoApplication  - Loggeo correcto 3
[restartedMain] INFO  com.tienda.DemoApplication  - Log4j appender configuration is successful !!
[http-nio-8080-exec-7] INFO  com.tienda.DemoApplication  - Loggeo correcto 3
[restartedMain] INFO  com.tienda.DemoApplication  - Log4j appender configuration is successful !!
[http-nio-8080-exec-5] INFO  com.tienda.DemoApplication  - Loggeo correcto 3
[restartedMain] INFO  com.tienda.DemoApplication  - Log4j appender configuration is successful !!
[restartedMain] INFO  com.tienda.DemoApplication  - Log4j appender configuration is successful !!
[restartedMain] INFO  com.tienda.DemoApplication  - Log4j appender configuration is successful !!
[restartedMain] INFO  com.tienda.DemoApplication  - Log4j appender configuration is successful !!
[restartedMain] INFO  com.tienda.DemoApplication  - Log4j appender configuration is successful !!
[restartedMain] INFO  com.tienda.DemoApplication  - Log4j appender configuration is successful !!
[restartedMain] INFO  com.tienda.DemoApplication  - Log4j appender configuration is successful !!
[restartedMain] INFO  com.tienda.DemoApplication  - Log4j appender configuration is successful !!
[restartedMain] INFO  com.tienda.DemoApplication  - Log4j appender configuration is successful !!
[main] INFO  com.tienda.DemoApplication  - Log4j appender configuration is successful !!
[restartedMain] INFO  com.tienda.DemoApplication  - Log4j appender configuration is successful !!
[http-nio-8080-exec-2] INFO  com.tienda.DemoApplication  - Loggeo correcto 3
[main] INFO  com.tienda.DemoApplication  - Log4j appender configuration is successful !!
[restartedMain] INFO  com.tienda.DemoApplication  - Log4j appender configuration is successful !!
[restartedMain] INFO  com.tienda.DemoApplication  - Log4j appender configuration is successful !!
[http-nio-8080-exec-5] INFO  com.tienda.DemoApplication  - Loggeo correcto 3
[main] INFO  com.tienda.DemoApplication  - Log4j appender configuration is successful !!
[restartedMain] INFO  com.tienda.DemoApplication  - Log4j appender configuration is successful !!
[main] INFO  com.tienda.DemoApplication  - Log4j appender configuration is successful !!
[restartedMain] INFO  com.tienda.DemoApplication  - Log4j appender configuration is successful !!
[http-nio-8080-exec-2] INFO  com.tienda.DemoApplication  - Loggeo correcto 3
[main] INFO  com.tienda.DemoApplication  - Log4j appender configuration is successful !!
[restartedMain] INFO  com.tienda.DemoApplication  - Log4j appender configuration is successful !!
[http-nio-8080-exec-2] INFO  com.tienda.DemoApplication  - Loggeo correcto 3
[main] INFO  com.tienda.DemoApplication  - Log4j appender configuration is successful !!
[restartedMain] INFO  com.tienda.DemoApplication  - Log4j appender configuration is successful !!
[http-nio-8080-exec-10] INFO  com.tienda.DemoApplication  - Loggeo correcto 3
[main] INFO  com.tienda.DemoApplication  - Log4j appender configuration is successful !!
[restartedMain] INFO  com.tienda.DemoApplication  - Log4j appender configuration is successful !!
[http-nio-8080-exec-2] INFO  com.tienda.DemoApplication  - Loggeo correcto 3
[main] INFO  com.tienda.DemoApplication  - Log4j appender configuration is successful !!
[restartedMain] INFO  com.tienda.DemoApplication  - Log4j appender configuration is successful !!
[http-nio-8080-exec-6] INFO  com.tienda.DemoApplication  - Loggeo correcto 3
[main] INFO  com.tienda.DemoApplication  - Log4j appender configuration is successful !!
[restartedMain] INFO  com.tienda.DemoApplication  - Log4j appender configuration is successful !!
[http-nio-8080-exec-4] INFO  com.tienda.DemoApplication  - Loggeo correcto 3
[restartedMain] INFO  com.tienda.DemoApplication  - Log4j appender configuration is successful !!
[http-nio-8080-exec-5] INFO  com.tienda.DemoApplication  - Loggeo correcto 3
[restartedMain] INFO  com.tienda.DemoApplication  - Log4j appender configuration is successful !!
[restartedMain] INFO  com.tienda.DemoApplication  - Log4j appender configuration is successful !!
[restartedMain] INFO  com.tienda.DemoApplication  - Log4j appender configuration is successful !!
[restartedMain] INFO  com.tienda.DemoApplication  - Log4j appender configuration is successful !!
[restartedMain] INFO  com.tienda.DemoApplication  - Log4j appender configuration is successful !!
[restartedMain] INFO  com.tienda.DemoApplication  - Log4j appender configuration is successful !!
[restartedMain] INFO  com.tienda.DemoApplication  - Log4j appender configuration is successful !!
[restartedMain] INFO  com.tienda.DemoApplication  - Log4j appender configuration is successful !!
[restartedMain] INFO  com.tienda.DemoApplication  - Log4j appender configuration is successful !!
[restartedMain] INFO  com.tienda.DemoApplication  - Log4j appender configuration is successful !!
[restartedMain] INFO  com.tienda.DemoApplication  - Log4j appender configuration is successful !!
[restartedMain] INFO  com.tienda.DemoApplication  - Log4j appender configuration is successful !!
[restartedMain] INFO  com.tienda.DemoApplication  - Log4j appender configuration is successful !!
[restartedMain] INFO  com.tienda.DemoApplication  - Log4j appender configuration is successful !!
[restartedMain] INFO  com.tienda.DemoApplication  - Log4j appender configuration is successful !!
[restartedMain] INFO  com.tienda.DemoApplication  - Log4j appender configuration is successful !!
[restartedMain] INFO  com.tienda.DemoApplication  - Log4j appender configuration is successful !!
[restartedMain] INFO  com.tienda.DemoApplication  - Log4j appender configuration is successful !!
[restartedMain] INFO  com.tienda.DemoApplication  - Log4j appender configuration is successful !!
[restartedMain] INFO  com.tienda.DemoApplication  - Log4j appender configuration is successful !!
[restartedMain] INFO  com.tienda.DemoApplication  - Log4j appender configuration is successful !!
[restartedMain] INFO  com.tienda.DemoApplication  - Log4j appender configuration is successful !!
[restartedMain] INFO  com.tienda.DemoApplication  - Log4j appender configuration is successful !!
[http-nio-8080-exec-6] INFO  com.tienda.DemoApplication  - Loggeo correcto 3
[restartedMain] INFO  com.tienda.DemoApplication  - Log4j appender configuration is successful !!
[http-nio-8080-exec-2] INFO  com.tienda.DemoApplication  - Loggeo correcto 3
[restartedMain] INFO  com.tienda.DemoApplication  - Log4j appender configuration is successful !!
[restartedMain] INFO  com.tienda.DemoApplication  - Log4j appender configuration is successful !!
[restartedMain] INFO  com.tienda.DemoApplication  - Log4j appender configuration is successful !!
[http-nio-8080-exec-3] INFO  com.tienda.DemoApplication  - Loggeo correcto 3
[restartedMain] INFO  com.tienda.DemoApplication  - Log4j appender configuration is successful !!
[restartedMain] INFO  com.tienda.DemoApplication  - Log4j appender configuration is successful !!
[restartedMain] INFO  com.tienda.DemoApplication  - Log4j appender configuration is successful !!
[restartedMain] INFO  com.tienda.DemoApplication  - Log4j appender configuration is successful !!
[http-nio-8080-exec-4] INFO  com.tienda.DemoApplication  - Loggeo correcto 3
[restartedMain] INFO  com.tienda.DemoApplication  - Log4j appender configuration is successful !!
[main] INFO  com.tienda.DemoApplication  - Log4j appender configuration is successful !!
[restartedMain] INFO  com.tienda.DemoApplication  - Log4j appender configuration is successful !!
[http-nio-8080-exec-5] INFO  com.tienda.DemoApplication  - Loggeo correcto 3
[restartedMain] INFO  com.tienda.DemoApplication  - Log4j appender configuration is successful !!
[restartedMain] INFO  com.tienda.DemoApplication  - Log4j appender configuration is successful !!
[restartedMain] INFO  com.tienda.DemoApplication  - Log4j appender configuration is successful !!
[http-nio-8080-exec-1] INFO  com.tienda.DemoApplication  - Loggeo correcto 3
[restartedMain] INFO  com.tienda.DemoApplication  - Log4j appender configuration is successful !!
[main] INFO  com.tienda.DemoApplication  - Log4j appender configuration is successful !!
[restartedMain] INFO  com.tienda.DemoApplication  - Log4j appender configuration is successful !!
[http-nio-8080-exec-1] INFO  com.tienda.DemoApplication  - Loggeo correcto 3
[main] INFO  com.tienda.DemoApplication  - Log4j appender configuration is successful !!
[restartedMain] INFO  com.tienda.DemoApplication  - Log4j appender configuration is successful !!
[http-nio-8080-exec-8] INFO  com.tienda.DemoApplication  - Loggeo correcto 3
[http-nio-8080-exec-3] INFO  com.tienda.DemoApplication  - Loggeo correcto 3
[restartedMain] INFO  com.tienda.DemoApplication  - Log4j appender configuration is successful !!
[http-nio-8080-exec-6] INFO  com.tienda.DemoApplication  - Loggeo correcto 3
[http-nio-8080-exec-8] INFO  com.tienda.DemoApplication  - Desloggeo correcto 
[http-nio-8080-exec-9] INFO  com.tienda.DemoApplication  - Loggeo correcto 1
[http-nio-8080-exec-6] INFO  com.tienda.DemoApplication  - Desloggeo correcto 
[http-nio-8080-exec-1] INFO  com.tienda.DemoApplication  - Loggeo correcto 3
[restartedMain] INFO  com.tienda.DemoApplication  - Log4j appender configuration is successful !!
[http-nio-8080-exec-7] INFO  com.tienda.DemoApplication  - Loggeo correcto 3
[main] INFO  com.tienda.DemoApplication  - Log4j appender configuration is successful !!
[restartedMain] INFO  com.tienda.DemoApplication  - Log4j appender configuration is successful !!
[http-nio-8080-exec-6] INFO  com.tienda.DemoApplication  - Loggeo correcto 3
[main] INFO  com.tienda.DemoApplication  - Log4j appender configuration is successful !!
[restartedMain] INFO  com.tienda.DemoApplication  - Log4j appender configuration is successful !!
[http-nio-8080-exec-10] INFO  com.tienda.DemoApplication  - Loggeo correcto 3
[restartedMain] INFO  com.tienda.DemoApplication  - Log4j appender configuration is successful !!
[main] INFO  com.tienda.DemoApplication  - Log4j appender configuration is successful !!
[restartedMain] INFO  com.tienda.DemoApplication  - Log4j appender configuration is successful !!
[http-nio-8080-exec-1] INFO  com.tienda.DemoApplication  - Loggeo correcto 3
[restartedMain] INFO  com.tienda.DemoApplication  - Log4j appender configuration is successful !!
[restartedMain] INFO  com.tienda.DemoApplication  - Log4j appender configuration is successful !!
[http-nio-8080-exec-7] INFO  com.tienda.DemoApplication  - Loggeo correcto 3
[restartedMain] INFO  com.tienda.DemoApplication  - Log4j appender configuration is successful !!
[http-nio-8080-exec-2] INFO  com.tienda.DemoApplication  - Loggeo correcto 3
[main] INFO  com.tienda.DemoApplication  - Log4j appender configuration is successful !!
[restartedMain] INFO  com.tienda.DemoApplication  - Log4j appender configuration is successful !!
[http-nio-8080-exec-4] INFO  com.tienda.DemoApplication  - Loggeo correcto 3
[restartedMain] INFO  com.tienda.DemoApplication  - Log4j appender configuration is successful !!
[http-nio-8080-exec-8] INFO  com.tienda.DemoApplication  - Loggeo correcto 1
[http-nio-8080-exec-6] INFO  com.tienda.DemoApplication  - Desloggeo correcto 
[http-nio-8080-exec-8] INFO  com.tienda.DemoApplication  - Loggeo correcto 3
[restartedMain] INFO  com.tienda.DemoApplication  - Log4j appender configuration is successful !!
[restartedMain] INFO  com.tienda.DemoApplication  - Log4j appender configuration is successful !!
[restartedMain] INFO  com.tienda.DemoApplication  - Log4j appender configuration is successful !!
[restartedMain] INFO  com.tienda.DemoApplication  - Log4j appender configuration is successful !!
[restartedMain] INFO  com.tienda.DemoApplication  - Log4j appender configuration is successful !!
[http-nio-8080-exec-10] INFO  com.tienda.DemoApplication  - Loggeo correcto 1
[http-nio-8080-exec-1] INFO  com.tienda.DemoApplication  - Pedido realizado por el usuario con id: 1
[http-nio-8080-exec-8] INFO  com.tienda.DemoApplication  - Desloggeo correcto 
[http-nio-8080-exec-3] INFO  com.tienda.DemoApplication  - Loggeo correcto 3
[http-nio-8080-exec-9] INFO  com.tienda.DemoApplication  - Estado del pedido con id: 4 modificado
[restartedMain] INFO  com.tienda.DemoApplication  - Log4j appender configuration is successful !!
[restartedMain] INFO  com.tienda.DemoApplication  - Log4j appender configuration is successful !!
[http-nio-8080-exec-4] INFO  com.tienda.DemoApplication  - Loggeo correcto 1
[http-nio-8080-exec-3] INFO  com.tienda.DemoApplication  - Pedido realizado por el usuario con id: 1
[http-nio-8080-exec-9] INFO  com.tienda.DemoApplication  - Pedido realizado por el usuario con id: 1
[http-nio-8080-exec-8] INFO  com.tienda.DemoApplication  - Desloggeo correcto 
[http-nio-8080-exec-6] INFO  com.tienda.DemoApplication  - Loggeo correcto 3
[http-nio-8080-exec-9] INFO  com.tienda.DemoApplication  - Estado del pedido con id: 5 modificado
[restartedMain] INFO  com.tienda.DemoApplication  - Log4j appender configuration is successful !!
[restartedMain] INFO  com.tienda.DemoApplication  - Log4j appender configuration is successful !!
[main] INFO  com.tienda.DemoApplication  - Log4j appender configuration is successful !!
[restartedMain] INFO  com.tienda.DemoApplication  - Log4j appender configuration is successful !!
[http-nio-8080-exec-1] INFO  com.tienda.DemoApplication  - Loggeo correcto 3
[http-nio-8080-exec-3] INFO  com.tienda.DemoApplication  - Estado del pedido con id: 6 modificado
[restartedMain] INFO  com.tienda.DemoApplication  - Log4j appender configuration is successful !!
[http-nio-8080-exec-10] INFO  com.tienda.DemoApplication  - Loggeo correcto 1
[http-nio-8080-exec-4] INFO  com.tienda.DemoApplication  - Pedido realizado por el usuario con id: 1
[http-nio-8080-exec-3] INFO  com.tienda.DemoApplication  - Loggeo correcto 3
[http-nio-8080-exec-10] INFO  com.tienda.DemoApplication  - Estado del pedido con id: 7 modificado
[restartedMain] INFO  com.tienda.DemoApplication  - Log4j appender configuration is successful !!
[restartedMain] INFO  com.tienda.DemoApplication  - Log4j appender configuration is successful !!
[restartedMain] INFO  com.tienda.DemoApplication  - Log4j appender configuration is successful !!
[restartedMain] INFO  com.tienda.DemoApplication  - Log4j appender configuration is successful !!
[restartedMain] INFO  com.tienda.DemoApplication  - Log4j appender configuration is successful !!
[restartedMain] INFO  com.tienda.DemoApplication  - Log4j appender configuration is successful !!
[http-nio-8080-exec-4] INFO  com.tienda.DemoApplication  - Loggeo correcto 1
[http-nio-8080-exec-7] INFO  com.tienda.DemoApplication  - Pedido realizado por el usuario con id: 1
[http-nio-8080-exec-10] INFO  com.tienda.DemoApplication  - Loggeo correcto 3
[http-nio-8080-exec-9] INFO  com.tienda.DemoApplication  - Estado del pedido con id: 8 modificado
[restartedMain] INFO  com.tienda.DemoApplication  - Log4j appender configuration is successful !!
[restartedMain] INFO  com.tienda.DemoApplication  - Log4j appender configuration is successful !!
[restartedMain] INFO  com.tienda.DemoApplication  - Log4j appender configuration is successful !!
[restartedMain] INFO  com.tienda.DemoApplication  - Log4j appender configuration is successful !!
[restartedMain] INFO  com.tienda.DemoApplication  - Log4j appender configuration is successful !!
[restartedMain] INFO  com.tienda.DemoApplication  - Log4j appender configuration is successful !!
[restartedMain] INFO  com.tienda.DemoApplication  - Log4j appender configuration is successful !!
[restartedMain] INFO  com.tienda.DemoApplication  - Log4j appender configuration is successful !!
[restartedMain] INFO  com.tienda.DemoApplication  - Log4j appender configuration is successful !!
[restartedMain] INFO  com.tienda.DemoApplication  - Log4j appender configuration is successful !!
[restartedMain] INFO  com.tienda.DemoApplication  - Log4j appender configuration is successful !!
[restartedMain] INFO  com.tienda.DemoApplication  - Log4j appender configuration is successful !!
[restartedMain] INFO  com.tienda.DemoApplication  - Log4j appender configuration is successful !!
[restartedMain] INFO  com.tienda.DemoApplication  - Log4j appender configuration is successful !!
[main] INFO  curso.java.tienda.config.DemoApplication  - Log4j appender configuration is successful !!
[restartedMain] INFO  curso.java.tienda.config.DemoApplication  - Log4j appender configuration is successful !!
[restartedMain] INFO  curso.java.tienda.config.DemoApplication  - Log4j appender configuration is successful !!
[restartedMain] INFO  curso.java.tienda.config.DemoApplication  - Log4j appender configuration is successful !!
[restartedMain] INFO  curso.java.tienda.config.DemoApplication  - Log4j appender configuration is successful !!
[restartedMain] INFO  curso.java.tienda.config.DemoApplication  - Log4j appender configuration is successful !!
[restartedMain] INFO  curso.java.tienda.config.DemoApplication  - Log4j appender configuration is successful !!
[restartedMain] INFO  curso.java.tienda.config.DemoApplication  - Log4j appender configuration is successful !!
[main] INFO  curso.java.tienda.config.DemoApplication  - Log4j appender configuration is successful !!
[restartedMain] INFO  curso.java.tienda.config.DemoApplication  - Log4j appender configuration is successful !!
[restartedMain] INFO  curso.java.tienda.config.DemoApplication  - Log4j appender configuration is successful !!
[restartedMain] INFO  curso.java.tienda.config.DemoApplication  - Log4j appender configuration is successful !!
[restartedMain] INFO  curso.java.tienda.config.DemoApplication  - Log4j appender configuration is successful !!
